{
  "stats": {
    "suites": 1,
    "tests": 1,
    "passes": 1,
    "pending": 0,
    "failures": 0,
    "testsRegistered": 1,
    "passPercent": 100,
    "pendingPercent": 0,
    "other": 0,
    "hasOther": false,
    "skipped": 0,
    "hasSkipped": false,
    "start": "2025-06-17T10:53:01.441Z",
    "end": "2025-06-17T10:53:01.747Z",
    "duration": 306
  },
  "results": [
    {
      "uuid": "98978bd2-d612-4a63-94e5-691f5493146b",
      "title": "",
      "fullFile": "cypress/e2e/spec.cy.ts",
      "file": "cypress/e2e/spec.cy.ts",
      "beforeHooks": [],
      "afterHooks": [],
      "tests": [],
      "suites": [
        {
          "uuid": "7efe0f28-39aa-4230-9592-a609e117b9f8",
          "title": "Just visit e2e test",
          "fullFile": "",
          "file": "",
          "beforeHooks": [],
          "afterHooks": [],
          "tests": [
            {
              "title": "should visit",
              "fullTitle": "Just visit e2e test should visit",
              "timedOut": null,
              "duration": 264,
              "state": "passed",
              "speed": "fast",
              "pass": true,
              "fail": false,
              "pending": false,
              "context": null,
              "code": "cy.visit('/');",
              "err": {},
              "uuid": "8187ab40-4065-4fdd-a381-3f4bcf034f78",
              "parentUUID": "7efe0f28-39aa-4230-9592-a609e117b9f8",
              "isHook": false,
              "skipped": false
            }
          ],
          "suites": [],
          "passes": [
            "8187ab40-4065-4fdd-a381-3f4bcf034f78"
          ],
          "failures": [],
          "pending": [],
          "skipped": [],
          "duration": 264,
          "root": false,
          "rootEmpty": false,
          "_timeout": 2000
        }
      ],
      "passes": [],
      "failures": [],
      "pending": [],
      "skipped": [],
      "duration": 0,
      "root": true,
      "rootEmpty": true,
      "_timeout": 2000
    }
  ],
  "meta": {
    "mocha": {
      "version": "7.0.1"
    },
    "mochawesome": {
      "options": {
        "quiet": false,
        "reportFilename": "test-report",
        "saveHtml": true,
        "saveJson": true,
        "consoleReporter": "spec",
        "useInlineDiffs": false,
        "code": true
      },
      "version": "7.1.3"
    },
    "marge": {
      "options": {
        "id": "default",
        "useInlineDiffs": true,
        "reportDir": "test-reports",
        "reportFilename": "test-report",
        "overwrite": true,
        "timestamp": "mmddyyyy_HHMMss",
        "html": true,
        "json": true
      },
      "version": "6.2.0"
    }
  }
}