{
  "stats": {
    "suites": 1,
    "tests": 1,
    "passes": 1,
    "pending": 0,
    "failures": 0,
    "testsRegistered": 1,
    "passPercent": 100,
    "pendingPercent": 0,
    "other": 0,
    "hasOther": false,
    "skipped": 0,
    "hasSkipped": false,
    "start": "2025-06-30T13:15:34.521Z",
    "end": "2025-06-30T13:15:34.987Z",
    "duration": 466
  },
  "results": [
    {
      "uuid": "e8e574cb-bce2-4078-9a19-5af674415b31",
      "title": "",
      "fullFile": "cypress/e2e/spec.cy.ts",
      "file": "cypress/e2e/spec.cy.ts",
      "beforeHooks": [],
      "afterHooks": [],
      "tests": [],
      "suites": [
        {
          "uuid": "77ec869f-8ea1-452f-812c-25be07ffe555",
          "title": "Just visit e2e test",
          "fullFile": "",
          "file": "",
          "beforeHooks": [],
          "afterHooks": [],
          "tests": [
            {
              "title": "should visit",
              "fullTitle": "Just visit e2e test should visit",
              "timedOut": null,
              "duration": 428,
              "state": "passed",
              "speed": "fast",
              "pass": true,
              "fail": false,
              "pending": false,
              "context": null,
              "code": "cy.visit('/');",
              "err": {},
              "uuid": "1679364f-52bf-434a-aae1-96f5b5bbb686",
              "parentUUID": "77ec869f-8ea1-452f-812c-25be07ffe555",
              "isHook": false,
              "skipped": false
            }
          ],
          "suites": [],
          "passes": [
            "1679364f-52bf-434a-aae1-96f5b5bbb686"
          ],
          "failures": [],
          "pending": [],
          "skipped": [],
          "duration": 428,
          "root": false,
          "rootEmpty": false,
          "_timeout": 2000
        }
      ],
      "passes": [],
      "failures": [],
      "pending": [],
      "skipped": [],
      "duration": 0,
      "root": true,
      "rootEmpty": true,
      "_timeout": 2000
    }
  ],
  "meta": {
    "mocha": {
      "version": "7.2.0"
    },
    "mochawesome": {
      "options": {
        "quiet": false,
        "reportFilename": "test-report",
        "saveHtml": true,
        "saveJson": true,
        "consoleReporter": "spec",
        "useInlineDiffs": false,
        "code": true
      },
      "version": "7.1.3"
    },
    "marge": {
      "options": {
        "id": "default",
        "useInlineDiffs": true,
        "reportDir": "test-reports",
        "reportFilename": "test-report",
        "overwrite": true,
        "timestamp": "mmddyyyy_HHMMss",
        "html": true,
        "json": true
      },
      "version": "6.2.0"
    }
  }
}